2026-04-18T02:00:46.252Z [ERROR]: User home page error: Product.find(...).limit(...).populate(...).lean(...).map is not a function
2026-04-18T02:01:04.588Z [ERROR]: User home page error: Product.find(...).limit(...).populate(...).lean(...).map is not a function
2026-04-18T02:01:06.524Z [ERROR]: User home page error: Product.find(...).limit(...).populate(...).lean(...).map is not a function
2026-04-18T12:57:36.476Z [ERROR]: Login Auth Error: passport is not defined
2026-04-18T12:57:38.257Z [ERROR]: Login Auth Error: passport is not defined
2026-04-18T12:57:46.493Z [ERROR]: Login Auth Error: passport is not defined
2026-04-18T12:57:47.502Z [ERROR]: Login Auth Error: passport is not defined
2026-04-19T05:18:47.731Z [ERROR]: Unhandled Error: Failed to lookup view "/cart" in views directory "/Users/muhammedadhilkp/Developer/kiso/views"
Error: Failed to lookup view "/cart" in views directory "/Users/muhammedadhilkp/Developer/kiso/views"
    at Function.render (/Users/muhammedadhilkp/Developer/kiso/node_modules/express/lib/application.js:562:17)
    at ServerResponse.render (/Users/muhammedadhilkp/Developer/kiso/node_modules/express/lib/response.js:923:7)
    at res.render (/Users/muhammedadhilkp/Developer/kiso/node_modules/express-ejs-layouts/lib/express-layouts.js:77:18)
    at getCartPage (file:///Users/muhammedadhilkp/Developer/kiso/controller/usercontroller/cartController.js:10:13)
    at process.processTicksAndRejections (node:internal/process/task_queues:95:5)
2026-04-19T05:18:53.329Z [ERROR]: Unhandled Error: Failed to lookup view "/cart" in views directory "/Users/muhammedadhilkp/Developer/kiso/views"
Error: Failed to lookup view "/cart" in views directory "/Users/muhammedadhilkp/Developer/kiso/views"
    at Function.render (/Users/muhammedadhilkp/Developer/kiso/node_modules/express/lib/application.js:562:17)
    at ServerResponse.render (/Users/muhammedadhilkp/Developer/kiso/node_modules/express/lib/response.js:923:7)
    at res.render (/Users/muhammedadhilkp/Developer/kiso/node_modules/express-ejs-layouts/lib/express-layouts.js:77:18)
    at getCartPage (file:///Users/muhammedadhilkp/Developer/kiso/controller/usercontroller/cartController.js:10:13)
    at process.processTicksAndRejections (node:internal/process/task_queues:95:5)
2026-04-19T05:43:50.147Z [ERROR]: Unhandled Error: Could not find matching close tag for "<%#".
Error: Could not find matching close tag for "<%#".
    at /Users/muhammedadhilkp/Developer/kiso/node_modules/ejs/lib/cjs/ejs.js:687:31
    at Array.forEach (<anonymous>)
    at Template.generateSource (/Users/muhammedadhilkp/Developer/kiso/node_modules/ejs/lib/cjs/ejs.js:677:21)
    at Template.compile (/Users/muhammedadhilkp/Developer/kiso/node_modules/ejs/lib/cjs/ejs.js:532:18)
    at Object.compile (/Users/muhammedadhilkp/Developer/kiso/node_modules/ejs/lib/cjs/ejs.js:362:18)
    at handleCache (/Users/muhammedadhilkp/Developer/kiso/node_modules/ejs/lib/cjs/ejs.js:217:16)
    at tryHandleCache (/Users/muhammedadhilkp/Developer/kiso/node_modules/ejs/lib/cjs/ejs.js:254:22)
    at ejs.renderFile [as engine] (/Users/muhammedadhilkp/Developer/kiso/node_modules/ejs/lib/cjs/ejs.js:447:12)
    at View.render (/Users/muhammedadhilkp/Developer/kiso/node_modules/express/lib/view.js:139:8)
    at tryRender (/Users/muhammedadhilkp/Developer/kiso/node_modules/express/lib/application.js:627:10)
2026-04-19T05:43:59.660Z [ERROR]: Unhandled Error: req.path.startWith is not a function
TypeError: req.path.startWith is not a function
    at pageNotFound (file:///Users/muhammedadhilkp/Developer/kiso/middleware/errror.middleware.js:8:25)
    at Layer.handleRequest (/Users/muhammedadhilkp/Developer/kiso/node_modules/router/lib/layer.js:152:17)
    at trimPrefix (/Users/muhammedadhilkp/Developer/kiso/node_modules/router/index.js:342:13)
    at /Users/muhammedadhilkp/Developer/kiso/node_modules/router/index.js:297:9
    at processParams (/Users/muhammedadhilkp/Developer/kiso/node_modules/router/index.js:582:12)
    at next (/Users/muhammedadhilkp/Developer/kiso/node_modules/router/index.js:291:5)
    at /Users/muhammedadhilkp/Developer/kiso/node_modules/router/index.js:688:15
    at next (/Users/muhammedadhilkp/Developer/kiso/node_modules/router/index.js:276:14)
    at Function.handle (/Users/muhammedadhilkp/Developer/kiso/node_modules/router/index.js:186:3)
    at router (/Users/muhammedadhilkp/Developer/kiso/node_modules/router/index.js:60:12)
2026-04-19T05:57:05.269Z [ERROR]: Unhandled Error: Could not find matching close tag for "<%#".
Error: Could not find matching close tag for "<%#".
    at /Users/muhammedadhilkp/Developer/kiso/node_modules/ejs/lib/cjs/ejs.js:687:31
    at Array.forEach (<anonymous>)
    at Template.generateSource (/Users/muhammedadhilkp/Developer/kiso/node_modules/ejs/lib/cjs/ejs.js:677:21)
    at Template.compile (/Users/muhammedadhilkp/Developer/kiso/node_modules/ejs/lib/cjs/ejs.js:532:18)
    at Object.compile (/Users/muhammedadhilkp/Developer/kiso/node_modules/ejs/lib/cjs/ejs.js:362:18)
    at handleCache (/Users/muhammedadhilkp/Developer/kiso/node_modules/ejs/lib/cjs/ejs.js:217:16)
    at tryHandleCache (/Users/muhammedadhilkp/Developer/kiso/node_modules/ejs/lib/cjs/ejs.js:254:22)
    at ejs.renderFile [as engine] (/Users/muhammedadhilkp/Developer/kiso/node_modules/ejs/lib/cjs/ejs.js:447:12)
    at View.render (/Users/muhammedadhilkp/Developer/kiso/node_modules/express/lib/view.js:139:8)
    at tryRender (/Users/muhammedadhilkp/Developer/kiso/node_modules/express/lib/application.js:627:10)
2026-04-19T05:58:51.077Z [ERROR]: Unhandled Error: Could not find matching close tag for "<%#".
Error: Could not find matching close tag for "<%#".
    at /Users/muhammedadhilkp/Developer/kiso/node_modules/ejs/lib/cjs/ejs.js:687:31
    at Array.forEach (<anonymous>)
    at Template.generateSource (/Users/muhammedadhilkp/Developer/kiso/node_modules/ejs/lib/cjs/ejs.js:677:21)
    at Template.compile (/Users/muhammedadhilkp/Developer/kiso/node_modules/ejs/lib/cjs/ejs.js:532:18)
    at Object.compile (/Users/muhammedadhilkp/Developer/kiso/node_modules/ejs/lib/cjs/ejs.js:362:18)
    at handleCache (/Users/muhammedadhilkp/Developer/kiso/node_modules/ejs/lib/cjs/ejs.js:217:16)
    at tryHandleCache (/Users/muhammedadhilkp/Developer/kiso/node_modules/ejs/lib/cjs/ejs.js:254:22)
    at ejs.renderFile [as engine] (/Users/muhammedadhilkp/Developer/kiso/node_modules/ejs/lib/cjs/ejs.js:447:12)
    at View.render (/Users/muhammedadhilkp/Developer/kiso/node_modules/express/lib/view.js:139:8)
    at tryRender (/Users/muhammedadhilkp/Developer/kiso/node_modules/express/lib/application.js:627:10)
2026-04-19T06:39:54.767Z [ERROR]: Add Category Error: E11000 duplicate key error collection: KISO.categories index: categoryName_1 dup key: { categoryName: "ddd" }
2026-04-19T06:39:59.672Z [ERROR]: Add Category Error: E11000 duplicate key error collection: KISO.categories index: categoryName_1 dup key: { categoryName: "ddd" }
2026-04-19T07:37:43.275Z [ERROR]: updateProduct error: At least one variant image is required
2026-04-19T09:17:13.074Z [ERROR]: Add to cart error: its allready in the cart 
2026-04-19T09:19:40.343Z [ERROR]: Add to cart error: its allready in the cart 
2026-04-19T09:20:20.421Z [ERROR]: Add to cart error: its allready in the cart 
2026-04-19T09:27:49.583Z [ERROR]: Add to cart error: its allready in the cart 
